0 info it worked if it ends with ok
1 verbose cli [ '/usr/bin/node', '/usr/bin/npm', 'start' ]
2 info using npm@3.10.3
3 info using node@v6.3.1
4 verbose run-script [ 'prestart', 'start', 'poststart' ]
5 info lifecycle node-admin@0.1.0~prestart: node-admin@0.1.0
6 silly lifecycle node-admin@0.1.0~prestart: no script for prestart, continuing
7 info lifecycle node-admin@0.1.0~start: node-admin@0.1.0
8 verbose lifecycle node-admin@0.1.0~start: unsafe-perm in lifecycle true
9 verbose lifecycle node-admin@0.1.0~start: PATH: /usr/lib/node_modules/npm/bin/node-gyp-bin:/home/joao/GitHub/node-admin/node_modules/.bin:/usr/bin:/usr/local/heroku/bin:/usr/local/sbin:/usr/local/bin:/usr/sbin:/usr/bin:/sbin:/bin:/usr/games:/usr/local/games:/usr/lib/jvm/java-8-oracle/bin:/usr/lib/jvm/java-8-oracle/db/bin:/usr/lib/jvm/java-8-oracle/jre/bin
10 verbose lifecycle node-admin@0.1.0~start: CWD: /home/joao/GitHub/node-admin
11 silly lifecycle node-admin@0.1.0~start: Args: [ '-c', 'node app.js' ]
12 silly lifecycle node-admin@0.1.0~start: Returned: code: 1  signal: null
13 info lifecycle node-admin@0.1.0~start: Failed to exec start script
14 verbose stack Error: node-admin@0.1.0 start: `node app.js`
14 verbose stack Exit status 1
14 verbose stack     at EventEmitter.<anonymous> (/usr/lib/node_modules/npm/lib/utils/lifecycle.js:242:16)
14 verbose stack     at emitTwo (events.js:106:13)
14 verbose stack     at EventEmitter.emit (events.js:191:7)
14 verbose stack     at ChildProcess.<anonymous> (/usr/lib/node_modules/npm/lib/utils/spawn.js:40:14)
14 verbose stack     at emitTwo (events.js:106:13)
14 verbose stack     at ChildProcess.emit (events.js:191:7)
14 verbose stack     at maybeClose (internal/child_process.js:852:16)
14 verbose stack     at Process.ChildProcess._handle.onexit (internal/child_process.js:215:5)
15 verbose pkgid node-admin@0.1.0
16 verbose cwd /home/joao/GitHub/node-admin
17 error Linux 3.19.0-64-generic
18 error argv "/usr/bin/node" "/usr/bin/npm" "start"
19 error node v6.3.1
20 error npm  v3.10.3
21 error code ELIFECYCLE
22 error node-admin@0.1.0 start: `node app.js`
22 error Exit status 1
23 error Failed at the node-admin@0.1.0 start script 'node app.js'.
23 error Make sure you have the latest version of node.js and npm installed.
23 error If you do, this is most likely a problem with the node-admin package,
23 error not with npm itself.
23 error Tell the author that this fails on your system:
23 error     node app.js
23 error You can get information on how to open an issue for this project with:
23 error     npm bugs node-admin
23 error Or if that isn't available, you can get their info via:
23 error     npm owner ls node-admin
23 error There is likely additional logging output above.
24 verbose exit [ 1, true ]
